生成启动时间为 2018/9/2 22:08:58。
     1>项目“E:\8_Git\Git_C_Code\6_linux_hash_to_win32\demo\demo.vcxproj”在节点 2 上(rebuild 个目标)。
     1>_PrepareForClean:
         正在删除文件“Debug\demo.lastbuildstate”。
       InitializeBuildStatus:
         正在对“Debug\demo.unsuccessfulbuild”执行 Touch 任务。
       ClCompile:
         D:\Program Files (x86)\Microsoft Visual Studio 10.0\VC\bin\CL.exe /c /ZI /nologo /W3 /WX- /Od /Oy- /D WIN32 /D _DEBUG /D _CONSOLE /D _UNICODE /D UNICODE /Gm /EHsc /RTC1 /MDd /GS /fp:precise /Zc:wchar_t /Zc:forScope /Fo"Debug\\" /Fd"Debug\vc100.pdb" /Gd /TC /analyze- /errorReport:prompt example.c
         example.c
     1>e:\8_git\git_c_code\6_linux_hash_to_win32\demo\example.c(42): error C2059: 语法错误:“{”
     1>e:\8_git\git_c_code\6_linux_hash_to_win32\demo\example.c(42): error C2065: “____ptr”: 未声明的标识符
     1>e:\8_git\git_c_code\6_linux_hash_to_win32\demo\example.c(42): error C2065: “____ptr”: 未声明的标识符
     1>e:\8_git\git_c_code\6_linux_hash_to_win32\demo\example.c(42): error C2059: 语法错误:“)”
     1>e:\8_git\git_c_code\6_linux_hash_to_win32\demo\example.c(42): error C2143: 语法错误 : 缺少“{”(在“&&”的前面)
     1>e:\8_git\git_c_code\6_linux_hash_to_win32\demo\example.c(42): error C2059: 语法错误:“&&”
     1>e:\8_git\git_c_code\6_linux_hash_to_win32\demo\example.c(42): error C2059: 语法错误:“)”
     1>e:\8_git\git_c_code\6_linux_hash_to_win32\demo\example.c(42): error C2059: 语法错误:“{”
     1>e:\8_git\git_c_code\6_linux_hash_to_win32\demo\example.c(42): error C2059: 语法错误:“)”
     1>e:\8_git\git_c_code\6_linux_hash_to_win32\demo\example.c(42): error C2059: 语法错误:“)”
     1>e:\8_git\git_c_code\6_linux_hash_to_win32\demo\example.c(43): error C2449: 在文件范围内找到“{”(是否缺少函数头?)
     1>e:\8_git\git_c_code\6_linux_hash_to_win32\demo\example.c(45): error C2059: 语法错误:“}”
     1>e:\8_git\git_c_code\6_linux_hash_to_win32\demo\example.c(48): error C2059: 语法错误:“for”
     1>e:\8_git\git_c_code\6_linux_hash_to_win32\demo\example.c(48): error C2059: 语法错误:“)”
     1>e:\8_git\git_c_code\6_linux_hash_to_win32\demo\example.c(48): error C2143: 语法错误 : 缺少“{”(在“&&”的前面)
     1>e:\8_git\git_c_code\6_linux_hash_to_win32\demo\example.c(48): error C2059: 语法错误:“&&”
     1>e:\8_git\git_c_code\6_linux_hash_to_win32\demo\example.c(48): error C2059: 语法错误:“)”
     1>e:\8_git\git_c_code\6_linux_hash_to_win32\demo\example.c(48): error C2374: “pos”: 重定义；多次初始化
                 e:\8_git\git_c_code\6_linux_hash_to_win32\demo\example.c(42) : 参见“pos”的声明
     1>e:\8_git\git_c_code\6_linux_hash_to_win32\demo\example.c(48): error C2059: 语法错误:“{”
     1>e:\8_git\git_c_code\6_linux_hash_to_win32\demo\example.c(48): error C2059: 语法错误:“)”
     1>e:\8_git\git_c_code\6_linux_hash_to_win32\demo\example.c(48): error C2059: 语法错误:“)”
     1>e:\8_git\git_c_code\6_linux_hash_to_win32\demo\example.c(49): error C2449: 在文件范围内找到“{”(是否缺少函数头?)
     1>e:\8_git\git_c_code\6_linux_hash_to_win32\demo\example.c(52): error C2059: 语法错误:“}”
     1>e:\8_git\git_c_code\6_linux_hash_to_win32\demo\example.c(55): error C2059: 语法错误:“for”
     1>e:\8_git\git_c_code\6_linux_hash_to_win32\demo\example.c(55): error C2059: 语法错误:“)”
     1>e:\8_git\git_c_code\6_linux_hash_to_win32\demo\example.c(55): error C2143: 语法错误 : 缺少“{”(在“&&”的前面)
     1>e:\8_git\git_c_code\6_linux_hash_to_win32\demo\example.c(55): error C2059: 语法错误:“&&”
     1>e:\8_git\git_c_code\6_linux_hash_to_win32\demo\example.c(55): error C2059: 语法错误:“)”
     1>e:\8_git\git_c_code\6_linux_hash_to_win32\demo\example.c(55): error C2374: “pos”: 重定义；多次初始化
                 e:\8_git\git_c_code\6_linux_hash_to_win32\demo\example.c(42) : 参见“pos”的声明
     1>e:\8_git\git_c_code\6_linux_hash_to_win32\demo\example.c(55): error C2059: 语法错误:“{”
     1>e:\8_git\git_c_code\6_linux_hash_to_win32\demo\example.c(55): error C2059: 语法错误:“)”
     1>e:\8_git\git_c_code\6_linux_hash_to_win32\demo\example.c(55): error C2059: 语法错误:“)”
     1>e:\8_git\git_c_code\6_linux_hash_to_win32\demo\example.c(56): error C2449: 在文件范围内找到“{”(是否缺少函数头?)
     1>e:\8_git\git_c_code\6_linux_hash_to_win32\demo\example.c(59): error C2059: 语法错误:“}”
     1>e:\8_git\git_c_code\6_linux_hash_to_win32\demo\example.c(64): error C2059: 语法错误:“return”
     1>e:\8_git\git_c_code\6_linux_hash_to_win32\demo\example.c(65): error C2059: 语法错误:“}”
     1>已完成生成项目“E:\8_Git\Git_C_Code\6_linux_hash_to_win32\demo\demo.vcxproj”(rebuild 个目标)的操作 - 失败。

生成失败。

已用时间 00:00:00.64
