E:\8_Git\Git_C_Code\6_linux_hash_to_win32\Debug\demo.pdb
E:\8_Git\Git_C_Code\6_linux_hash_to_win32\demo\Debug\cl.command.1.tlog
E:\8_Git\Git_C_Code\6_linux_hash_to_win32\demo\Debug\CL.read.1.tlog
E:\8_Git\Git_C_Code\6_linux_hash_to_win32\demo\Debug\CL.write.1.tlog
E:\8_Git\Git_C_Code\6_linux_hash_to_win32\demo\Debug\demo.exe.embed.manifest
E:\8_GIT\GIT_C_CODE\6_LINUX_HASH_TO_WIN32\DEMO\DEBUG\DEMO.EXE.EMBED.MANIFEST.RES
E:\8_Git\Git_C_Code\6_linux_hash_to_win32\demo\Debug\demo.exe.intermediate.manifest
E:\8_Git\Git_C_Code\6_linux_hash_to_win32\demo\Debug\demo.write.1.tlog
E:\8_Git\Git_C_Code\6_linux_hash_to_win32\demo\Debug\demo_manifest.rc
E:\8_GIT\GIT_C_CODE\6_LINUX_HASH_TO_WIN32\DEMO\DEBUG\HASHTAB.OBJ
E:\8_Git\Git_C_Code\6_linux_hash_to_win32\demo\Debug\link.command.1.tlog
E:\8_Git\Git_C_Code\6_linux_hash_to_win32\demo\Debug\link.read.1.tlog
E:\8_Git\Git_C_Code\6_linux_hash_to_win32\demo\Debug\link.write.1.tlog
E:\8_Git\Git_C_Code\6_linux_hash_to_win32\demo\Debug\link-cvtres.read.1.tlog
E:\8_Git\Git_C_Code\6_linux_hash_to_win32\demo\Debug\link-cvtres.write.1.tlog
E:\8_GIT\GIT_C_CODE\6_LINUX_HASH_TO_WIN32\DEMO\DEBUG\MAIN.OBJ
E:\8_Git\Git_C_Code\6_linux_hash_to_win32\demo\Debug\rc.command.1.tlog
E:\8_Git\Git_C_Code\6_linux_hash_to_win32\demo\Debug\rc.read.1.tlog
E:\8_Git\Git_C_Code\6_linux_hash_to_win32\demo\Debug\rc.write.1.tlog
E:\8_Git\Git_C_Code\6_linux_hash_to_win32\demo\Debug\vc100.idb
E:\8_GIT\GIT_C_CODE\6_LINUX_HASH_TO_WIN32\DEMO\DEBUG\VC100.PDB
