E:\8_Git\Git_C_Code\8_Linux_data_structure_App\My_Linux data structure_Win32\2_Linux_list_app\Debug\demo.pdb
E:\8_Git\Git_C_Code\8_Linux_data_structure_App\My_Linux data structure_Win32\2_Linux_list_app\demo\Debug\cl.command.1.tlog
E:\8_Git\Git_C_Code\8_Linux_data_structure_App\My_Linux data structure_Win32\2_Linux_list_app\demo\Debug\CL.read.1.tlog
E:\8_Git\Git_C_Code\8_Linux_data_structure_App\My_Linux data structure_Win32\2_Linux_list_app\demo\Debug\CL.write.1.tlog
E:\8_Git\Git_C_Code\8_Linux_data_structure_App\My_Linux data structure_Win32\2_Linux_list_app\demo\Debug\demo.exe.embed.manifest
E:\8_GIT\GIT_C_CODE\8_LINUX_DATA_STRUCTURE_APP\MY_LINUX DATA STRUCTURE_WIN32\2_LINUX_LIST_APP\DEMO\DEBUG\DEMO.EXE.EMBED.MANIFEST.RES
E:\8_Git\Git_C_Code\8_Linux_data_structure_App\My_Linux data structure_Win32\2_Linux_list_app\demo\Debug\demo.exe.intermediate.manifest
E:\8_Git\Git_C_Code\8_Linux_data_structure_App\My_Linux data structure_Win32\2_Linux_list_app\demo\Debug\demo.write.1.tlog
E:\8_Git\Git_C_Code\8_Linux_data_structure_App\My_Linux data structure_Win32\2_Linux_list_app\demo\Debug\demo_manifest.rc
E:\8_Git\Git_C_Code\8_Linux_data_structure_App\My_Linux data structure_Win32\2_Linux_list_app\demo\Debug\link.command.1.tlog
E:\8_Git\Git_C_Code\8_Linux_data_structure_App\My_Linux data structure_Win32\2_Linux_list_app\demo\Debug\link.read.1.tlog
E:\8_Git\Git_C_Code\8_Linux_data_structure_App\My_Linux data structure_Win32\2_Linux_list_app\demo\Debug\link.write.1.tlog
E:\8_Git\Git_C_Code\8_Linux_data_structure_App\My_Linux data structure_Win32\2_Linux_list_app\demo\Debug\link-cvtres.read.1.tlog
E:\8_Git\Git_C_Code\8_Linux_data_structure_App\My_Linux data structure_Win32\2_Linux_list_app\demo\Debug\link-cvtres.write.1.tlog
E:\8_GIT\GIT_C_CODE\8_LINUX_DATA_STRUCTURE_APP\MY_LINUX DATA STRUCTURE_WIN32\2_LINUX_LIST_APP\DEMO\DEBUG\MY_LIST.OBJ
E:\8_GIT\GIT_C_CODE\8_LINUX_DATA_STRUCTURE_APP\MY_LINUX DATA STRUCTURE_WIN32\2_LINUX_LIST_APP\DEMO\DEBUG\MY_LIST_MAIN.OBJ
E:\8_Git\Git_C_Code\8_Linux_data_structure_App\My_Linux data structure_Win32\2_Linux_list_app\demo\Debug\rc.command.1.tlog
E:\8_Git\Git_C_Code\8_Linux_data_structure_App\My_Linux data structure_Win32\2_Linux_list_app\demo\Debug\rc.read.1.tlog
E:\8_Git\Git_C_Code\8_Linux_data_structure_App\My_Linux data structure_Win32\2_Linux_list_app\demo\Debug\rc.write.1.tlog
E:\8_Git\Git_C_Code\8_Linux_data_structure_App\My_Linux data structure_Win32\2_Linux_list_app\demo\Debug\vc100.idb
E:\8_GIT\GIT_C_CODE\8_LINUX_DATA_STRUCTURE_APP\MY_LINUX DATA STRUCTURE_WIN32\2_LINUX_LIST_APP\DEMO\DEBUG\VC100.PDB
