E:\8_GIT\GIT_C_CODE\6_LINUX_HASH_TO_WIN32\DEBUG\DEMO.EXE
E:\8_GIT\GIT_C_CODE\6_LINUX_HASH_TO_WIN32\DEBUG\DEMO.ILK
E:\8_GIT\GIT_C_CODE\6_LINUX_HASH_TO_WIN32\DEBUG\DEMO.PDB
E:\8_GIT\GIT_C_CODE\6_LINUX_HASH_TO_WIN32\DEMO\DEBUG\DEMO.EXE.EMBED.MANIFEST
E:\8_GIT\GIT_C_CODE\6_LINUX_HASH_TO_WIN32\DEMO\DEBUG\DEMO.EXE.EMBED.MANIFEST.RES
E:\8_GIT\GIT_C_CODE\6_LINUX_HASH_TO_WIN32\DEMO\DEBUG\DEMO.EXE.INTERMEDIATE.MANIFEST
E:\8_GIT\GIT_C_CODE\6_LINUX_HASH_TO_WIN32\DEMO\DEBUG\EXAMPLE.OBJ
E:\8_GIT\GIT_C_CODE\6_LINUX_HASH_TO_WIN32\DEMO\DEBUG\VC100.PDB
E:\8_GIT\GIT_C_CODE\8_LINUX_DATA_STRUCTURE_APP\MY_LINUX DATA STRUCTURE_WIN32\1_LINUX_ARRAY_APP\DEBUG\DEMO.EXE
E:\8_GIT\GIT_C_CODE\8_LINUX_DATA_STRUCTURE_APP\MY_LINUX DATA STRUCTURE_WIN32\1_LINUX_ARRAY_APP\DEBUG\DEMO.ILK
E:\8_GIT\GIT_C_CODE\8_LINUX_DATA_STRUCTURE_APP\MY_LINUX DATA STRUCTURE_WIN32\1_LINUX_ARRAY_APP\DEBUG\DEMO.PDB
E:\8_Git\Git_C_Code\8_Linux_data_structure_App\My_Linux data structure_Win32\1_Linux_array_app\demo\Debug\cl.command.1.tlog
E:\8_Git\Git_C_Code\8_Linux_data_structure_App\My_Linux data structure_Win32\1_Linux_array_app\demo\Debug\CL.read.1.tlog
E:\8_Git\Git_C_Code\8_Linux_data_structure_App\My_Linux data structure_Win32\1_Linux_array_app\demo\Debug\CL.write.1.tlog
E:\8_Git\Git_C_Code\8_Linux_data_structure_App\My_Linux data structure_Win32\1_Linux_array_app\demo\Debug\demo.exe.embed.manifest
E:\8_GIT\GIT_C_CODE\8_LINUX_DATA_STRUCTURE_APP\MY_LINUX DATA STRUCTURE_WIN32\1_LINUX_ARRAY_APP\DEMO\DEBUG\DEMO.EXE.EMBED.MANIFEST.RES
E:\8_GIT\GIT_C_CODE\8_LINUX_DATA_STRUCTURE_APP\MY_LINUX DATA STRUCTURE_WIN32\1_LINUX_ARRAY_APP\DEMO\DEBUG\DEMO.EXE.INTERMEDIATE.MANIFEST
E:\8_Git\Git_C_Code\8_Linux_data_structure_App\My_Linux data structure_Win32\1_Linux_array_app\demo\Debug\demo.vcxprojResolveAssemblyReference.cache
E:\8_Git\Git_C_Code\8_Linux_data_structure_App\My_Linux data structure_Win32\1_Linux_array_app\demo\Debug\demo.write.1.tlog
E:\8_Git\Git_C_Code\8_Linux_data_structure_App\My_Linux data structure_Win32\1_Linux_array_app\demo\Debug\demo_manifest.rc
E:\8_Git\Git_C_Code\8_Linux_data_structure_App\My_Linux data structure_Win32\1_Linux_array_app\demo\Debug\example.obj
E:\8_Git\Git_C_Code\8_Linux_data_structure_App\My_Linux data structure_Win32\1_Linux_array_app\demo\Debug\link.25128.read.1.tlog
E:\8_Git\Git_C_Code\8_Linux_data_structure_App\My_Linux data structure_Win32\1_Linux_array_app\demo\Debug\link.25128.write.1.tlog
E:\8_Git\Git_C_Code\8_Linux_data_structure_App\My_Linux data structure_Win32\1_Linux_array_app\demo\Debug\link.25128-cvtres.read.1.tlog
E:\8_Git\Git_C_Code\8_Linux_data_structure_App\My_Linux data structure_Win32\1_Linux_array_app\demo\Debug\link.25128-cvtres.write.1.tlog
E:\8_Git\Git_C_Code\8_Linux_data_structure_App\My_Linux data structure_Win32\1_Linux_array_app\demo\Debug\link.6104.read.1.tlog
E:\8_Git\Git_C_Code\8_Linux_data_structure_App\My_Linux data structure_Win32\1_Linux_array_app\demo\Debug\link.6104.write.1.tlog
E:\8_Git\Git_C_Code\8_Linux_data_structure_App\My_Linux data structure_Win32\1_Linux_array_app\demo\Debug\link.6104-cvtres.read.1.tlog
E:\8_Git\Git_C_Code\8_Linux_data_structure_App\My_Linux data structure_Win32\1_Linux_array_app\demo\Debug\link.6104-cvtres.write.1.tlog
E:\8_Git\Git_C_Code\8_Linux_data_structure_App\My_Linux data structure_Win32\1_Linux_array_app\demo\Debug\link.8652.read.1.tlog
E:\8_Git\Git_C_Code\8_Linux_data_structure_App\My_Linux data structure_Win32\1_Linux_array_app\demo\Debug\link.8652.write.1.tlog
E:\8_Git\Git_C_Code\8_Linux_data_structure_App\My_Linux data structure_Win32\1_Linux_array_app\demo\Debug\link.8652-cvtres.read.1.tlog
E:\8_Git\Git_C_Code\8_Linux_data_structure_App\My_Linux data structure_Win32\1_Linux_array_app\demo\Debug\link.8652-cvtres.write.1.tlog
E:\8_Git\Git_C_Code\8_Linux_data_structure_App\My_Linux data structure_Win32\1_Linux_array_app\demo\Debug\link.command.1.tlog
E:\8_Git\Git_C_Code\8_Linux_data_structure_App\My_Linux data structure_Win32\1_Linux_array_app\demo\Debug\link.read.1.tlog
E:\8_Git\Git_C_Code\8_Linux_data_structure_App\My_Linux data structure_Win32\1_Linux_array_app\demo\Debug\link.write.1.tlog
E:\8_Git\Git_C_Code\8_Linux_data_structure_App\My_Linux data structure_Win32\1_Linux_array_app\demo\Debug\link-cvtres.read.1.tlog
E:\8_Git\Git_C_Code\8_Linux_data_structure_App\My_Linux data structure_Win32\1_Linux_array_app\demo\Debug\link-cvtres.write.1.tlog
E:\8_GIT\GIT_C_CODE\8_LINUX_DATA_STRUCTURE_APP\MY_LINUX DATA STRUCTURE_WIN32\1_LINUX_ARRAY_APP\DEMO\DEBUG\MAIN.OBJ
E:\8_Git\Git_C_Code\8_Linux_data_structure_App\My_Linux data structure_Win32\1_Linux_array_app\demo\Debug\mt.command.1.tlog
E:\8_Git\Git_C_Code\8_Linux_data_structure_App\My_Linux data structure_Win32\1_Linux_array_app\demo\Debug\mt.read.1.tlog
E:\8_Git\Git_C_Code\8_Linux_data_structure_App\My_Linux data structure_Win32\1_Linux_array_app\demo\Debug\mt.write.1.tlog
E:\8_GIT\GIT_C_CODE\8_LINUX_DATA_STRUCTURE_APP\MY_LINUX DATA STRUCTURE_WIN32\1_LINUX_ARRAY_APP\DEMO\DEBUG\MY_ARRAY.OBJ
E:\8_Git\Git_C_Code\8_Linux_data_structure_App\My_Linux data structure_Win32\1_Linux_array_app\demo\Debug\rc.command.1.tlog
E:\8_Git\Git_C_Code\8_Linux_data_structure_App\My_Linux data structure_Win32\1_Linux_array_app\demo\Debug\rc.read.1.tlog
E:\8_Git\Git_C_Code\8_Linux_data_structure_App\My_Linux data structure_Win32\1_Linux_array_app\demo\Debug\rc.write.1.tlog
E:\8_Git\Git_C_Code\8_Linux_data_structure_App\My_Linux data structure_Win32\1_Linux_array_app\demo\Debug\vc100.idb
E:\8_GIT\GIT_C_CODE\8_LINUX_DATA_STRUCTURE_APP\MY_LINUX DATA STRUCTURE_WIN32\1_LINUX_ARRAY_APP\DEMO\DEBUG\VC100.PDB
