生成启动时间为 2018/9/16 14:17:28。
     1>项目“E:\8_Git\Git_C_Code\8_Linux_data_structure_App\My_Linux data structure_Win32\1_Linux_array_app\demo\demo.vcxproj”在节点 2 上(rebuild 个目标)。
     1>_PrepareForClean:
         正在删除文件“Debug\demo.lastbuildstate”。
       InitializeBuildStatus:
         正在创建“Debug\demo.unsuccessfulbuild”，因为已指定“AlwaysCreate”。
       ClCompile:
         D:\Program Files (x86)\Microsoft Visual Studio 10.0\VC\bin\CL.exe /c /ZI /nologo /W3 /WX- /Od /Oy- /D WIN32 /D _DEBUG /D _CONSOLE /D _UNICODE /D UNICODE /Gm /EHsc /RTC1 /MDd /GS /fp:precise /Zc:wchar_t /Zc:forScope /Fo"Debug\\" /Fd"Debug\vc100.pdb" /Gd /TC /analyze- /errorReport:prompt main.c my_array.c
         my_array.c
     1>e:\8_git\git_c_code\8_linux_data_structure_app\my_linux data structure_win32\1_linux_array_app\demo\my_array.c(54): warning C4996: 'strcpy': This function or variable may be unsafe. Consider using strcpy_s instead. To disable deprecation, use _CRT_SECURE_NO_WARNINGS. See online help for details.
                 d:\program files (x86)\microsoft visual studio 10.0\vc\include\string.h(105) : 参见“strcpy”的声明
         main.c
         正在生成代码...
       ManifestResourceCompile:
         C:\Program Files (x86)\Microsoft SDKs\Windows\v7.0A\bin\rc.exe /nologo /fo"Debug\demo.exe.embed.manifest.res" Debug\demo_manifest.rc 
       Link:
         D:\Program Files (x86)\Microsoft Visual Studio 10.0\VC\bin\link.exe /ERRORREPORT:PROMPT /OUT:"E:\8_Git\Git_C_Code\8_Linux_data_structure_App\My_Linux data structure_Win32\1_Linux_array_app\Debug\demo.exe" /INCREMENTAL /NOLOGO kernel32.lib user32.lib gdi32.lib winspool.lib comdlg32.lib advapi32.lib shell32.lib ole32.lib oleaut32.lib uuid.lib odbc32.lib odbccp32.lib /MANIFEST /ManifestFile:"Debug\demo.exe.intermediate.manifest" /MANIFESTUAC:"level='asInvoker' uiAccess='false'" /DEBUG /PDB:"E:\8_Git\Git_C_Code\8_Linux_data_structure_App\My_Linux data structure_Win32\1_Linux_array_app\Debug\demo.pdb" /SUBSYSTEM:CONSOLE /TLBID:1 /DYNAMICBASE /NXCOMPAT /IMPLIB:"E:\8_Git\Git_C_Code\8_Linux_data_structure_App\My_Linux data structure_Win32\1_Linux_array_app\Debug\demo.lib" /MACHINE:X86 Debug\demo.exe.embed.manifest.res
         Debug\main.obj
         Debug\my_array.obj
       Manifest:
         正在删除文件“Debug\demo.exe.embed.manifest”。
         C:\Program Files (x86)\Microsoft SDKs\Windows\v7.0A\bin\mt.exe /nologo /verbose /out:"Debug\demo.exe.embed.manifest" /manifest Debug\demo.exe.intermediate.manifest
         C:\Program Files (x86)\Microsoft SDKs\Windows\v7.0A\bin\rc.exe /nologo /fo"Debug\demo.exe.embed.manifest.res" Debug\demo_manifest.rc 
       LinkEmbedManifest:
         D:\Program Files (x86)\Microsoft Visual Studio 10.0\VC\bin\link.exe /ERRORREPORT:PROMPT /OUT:"E:\8_Git\Git_C_Code\8_Linux_data_structure_App\My_Linux data structure_Win32\1_Linux_array_app\Debug\demo.exe" /INCREMENTAL /NOLOGO kernel32.lib user32.lib gdi32.lib winspool.lib comdlg32.lib advapi32.lib shell32.lib ole32.lib oleaut32.lib uuid.lib odbc32.lib odbccp32.lib /MANIFEST /ManifestFile:"Debug\demo.exe.intermediate.manifest" /MANIFESTUAC:"level='asInvoker' uiAccess='false'" /DEBUG /PDB:"E:\8_Git\Git_C_Code\8_Linux_data_structure_App\My_Linux data structure_Win32\1_Linux_array_app\Debug\demo.pdb" /SUBSYSTEM:CONSOLE /TLBID:1 /DYNAMICBASE /NXCOMPAT /IMPLIB:"E:\8_Git\Git_C_Code\8_Linux_data_structure_App\My_Linux data structure_Win32\1_Linux_array_app\Debug\demo.lib" /MACHINE:X86 Debug\demo.exe.embed.manifest.res
         Debug\main.obj
         Debug\my_array.obj
         demo.vcxproj -> E:\8_Git\Git_C_Code\8_Linux_data_structure_App\My_Linux data structure_Win32\1_Linux_array_app\Debug\demo.exe
       FinalizeBuildStatus:
         正在删除文件“Debug\demo.unsuccessfulbuild”。
         正在对“Debug\demo.lastbuildstate”执行 Touch 任务。
     1>已完成生成项目“E:\8_Git\Git_C_Code\8_Linux_data_structure_App\My_Linux data structure_Win32\1_Linux_array_app\demo\demo.vcxproj”(rebuild 个目标)的操作。

生成成功。

已用时间 00:00:05.32
